<?xml version="1.0" encoding="UTF-8" ?>
<testsuite errors="0" failures="0" hostname="sergei-G50" name="tdd.TestSuite" skipped="0" tests="3" time="0.071" timestamp="2015-11-09T19:34:23">
  <properties>
    <property name="java.vendor" value="Oracle Corporation" />
    <property name="sun.java.launcher" value="SUN_STANDARD" />
    <property name="sun.management.compiler" value="HotSpot 64-Bit Tiered Compilers" />
    <property name="os.name" value="Linux" />
    <property name="sun.boot.class.path" value="/opt/java/jdk1.8.0_60/jre/lib/resources.jar:/opt/java/jdk1.8.0_60/jre/lib/rt.jar:/opt/java/jdk1.8.0_60/jre/lib/sunrsasign.jar:/opt/java/jdk1.8.0_60/jre/lib/jsse.jar:/opt/java/jdk1.8.0_60/jre/lib/jce.jar:/opt/java/jdk1.8.0_60/jre/lib/charsets.jar:/opt/java/jdk1.8.0_60/jre/lib/jfr.jar:/opt/java/jdk1.8.0_60/jre/classes" />
    <property name="sun.desktop" value="gnome" />
    <property name="java.vm.specification.vendor" value="Oracle Corporation" />
    <property name="manifest" value="MANIFEST.MF" />
    <property name="ant.home" value="/usr/share/ant" />
    <property name="java.runtime.version" value="1.8.0_60-b27" />
    <property name="hamcrest" value="TDD/lib/hamcrest-core-1.3.jar" />
    <property name="user.name" value="sergei" />
    <property name="reports" value="reports" />
    <property name="user.language" value="en" />
    <property name="build" value="build" />
    <property name="sun.boot.library.path" value="/opt/java/jdk1.8.0_60/jre/lib/amd64" />
    <property name="ant.project.default-target" value="run" />
    <property name="ant.project.name" value="TDD" />
    <property name="java.version" value="1.8.0_60" />
    <property name="user.timezone" value="" />
    <property name="sun.arch.data.model" value="64" />
    <property name="java.endorsed.dirs" value="/opt/java/jdk1.8.0_60/jre/lib/endorsed" />
    <property name="jar" value="TDD.jar" />
    <property name="sun.cpu.isalist" value="" />
    <property name="sun.jnu.encoding" value="UTF-8" />
    <property name="file.encoding.pkg" value="sun.io" />
    <property name="ant.file.TDD" value="/home/sergei/Desktop/projects/Ohjelmisto/viikko11/t2/build.xml" />
    <property name="file.separator" value="/" />
    <property name="java.specification.name" value="Java Platform API Specification" />
    <property name="java.class.version" value="52.0" />
    <property name="src" value="TDD/src" />
    <property name="user.country" value="US" />
    <property name="java.home" value="/opt/java/jdk1.8.0_60/jre" />
    <property name="java.vm.info" value="mixed mode" />
    <property name="ant.file" value="/home/sergei/Desktop/projects/Ohjelmisto/viikko11/t2/build.xml" />
    <property name="os.version" value="3.16.0-38-generic" />
    <property name="path.separator" value=":" />
    <property name="java.vm.version" value="25.60-b23" />
    <property name="docs" value="docs" />
    <property name="ant.library.dir" value="/usr/share/ant/lib" />
    <property name="java.awt.printerjob" value="sun.print.PSPrinterJob" />
    <property name="sun.io.unicode.encoding" value="UnicodeLittle" />
    <property name="awt.toolkit" value="sun.awt.X11.XToolkit" />
    <property name="user.home" value="/home/sergei" />
    <property name="java.specification.vendor" value="Oracle Corporation" />
    <property name="test" value="TDD/test" />
    <property name="java.library.path" value="/usr/java/packages/lib/amd64:/usr/lib64:/lib64:/lib:/usr/lib" />
    <property name="java.vendor.url" value="http://java.oracle.com/" />
    <property name="java.vm.vendor" value="Oracle Corporation" />
    <property name="java.runtime.name" value="Java(TM) SE Runtime Environment" />
    <property name="sun.java.command" value="org.apache.tools.ant.taskdefs.optional.junit.JUnitTestRunner tdd.TestSuite skipNonTests=false filtertrace=true haltOnError=false haltOnFailure=false formatter=org.apache.tools.ant.taskdefs.optional.junit.SummaryJUnitResultFormatter showoutput=false outputtoformatters=true logfailedtests=true logtestlistenerevents=false formatter=org.apache.tools.ant.taskdefs.optional.junit.XMLJUnitResultFormatter,/home/sergei/Desktop/projects/Ohjelmisto/viikko11/t2/reports/TEST-tdd.TestSuite.xml formatter=org.apache.tools.ant.taskdefs.optional.junit.PlainJUnitResultFormatter,/home/sergei/Desktop/projects/Ohjelmisto/viikko11/t2/reports/TEST-tdd.TestSuite.txt crashfile=/home/sergei/Desktop/projects/Ohjelmisto/viikko11/t2/junitvmwatcher5772965416535668682.properties propsfile=/home/sergei/Desktop/projects/Ohjelmisto/viikko11/t2/junit2718261458186988147.properties" />
    <property name="java.class.path" value="/home/sergei/Desktop/projects/Ohjelmisto/viikko11/t2/TDD/lib/junit-4.12.jar:/home/sergei/Desktop/projects/Ohjelmisto/viikko11/t2/TDD/lib/hamcrest-core-1.3.jar:/home/sergei/Desktop/projects/Ohjelmisto/viikko11/t2/build:/usr/share/java/ant-launcher-1.9.3.jar:/usr/share/ant/lib/ant.jar:/usr/share/ant/lib/ant-junit.jar:/usr/share/ant/lib/ant-junit4.jar" />
    <property name="ant.version" value="Apache Ant(TM) version 1.9.3 compiled on April 8 2014" />
    <property name="ant.file.type.TDD" value="file" />
    <property name="java.vm.specification.name" value="Java Virtual Machine Specification" />
    <property name="ant.file.type" value="file" />
    <property name="java.vm.specification.version" value="1.8" />
    <property name="sun.cpu.endian" value="little" />
    <property name="sun.os.patch.level" value="unknown" />
    <property name="java.io.tmpdir" value="/tmp" />
    <property name="java.vendor.url.bug" value="http://bugreport.sun.com/bugreport/" />
    <property name="os.arch" value="amd64" />
    <property name="java.awt.graphicsenv" value="sun.awt.X11GraphicsEnvironment" />
    <property name="testsuite" value="**/TestSuite.java" />
    <property name="java.ext.dirs" value="/opt/java/jdk1.8.0_60/jre/lib/ext:/usr/java/packages/lib/ext" />
    <property name="user.dir" value="/home/sergei/Desktop/projects/Ohjelmisto/viikko11/t2" />
    <property name="line.separator" value="&#xa;" />
    <property name="java.vm.name" value="Java HotSpot(TM) 64-Bit Server VM" />
    <property name="basedir" value="/home/sergei/Desktop/projects/Ohjelmisto/viikko11/t2" />
    <property name="ant.java.version" value="1.8" />
    <property name="ant.core.lib" value="/usr/share/ant/lib/ant.jar" />
    <property name="file.encoding" value="UTF-8" />
    <property name="java.specification.version" value="1.8" />
    <property name="ant.project.invoked-targets" value="run" />
    <property name="junit" value="TDD/lib/junit-4.12.jar" />
  </properties>
  <testcase classname="tdd.TemplateTest" name="puuttuvastaPoikkeus" time="0.002" />
  <testcase classname="tdd.TemplateTest" name="montaMuuttuja" time="0.001" />
  <testcase classname="tdd.TemplateTest" name="tunematonMuuttuja" time="0.001" />
  <system-out><![CDATA[]]></system-out>
  <system-err><![CDATA[]]></system-err>
</testsuite>
